# DSCI 310 setup check 1.0

## Operating system
ProductName:	macOS
ProductVersion:	12.6.2
BuildVersion:	21G320

## System programs
OK        rstudio
OK        R 4.2.2 (2022-10-31) -- "Innocent and Trusting"
OK        python 3.10.9
MISSING   conda=22.*
OK        bash 3.2.57(1)-release (x86_64-apple-darwin21)
OK        git 2.39.0
OK        make 3.81
OK        latex 3.141592653-2.6-1.40.24 (TeX Live 2022)
OK        tlmgr 58:07 +0200)
OK        docker 20.10.22, build 3a2c30b
OK        code 1.76.2

## Python packages
OK        pandas=1.5.3
OK        pyppeteer=1.0.2
OK        nbconvert=7.2.9
OK        jupyterlab=3.5.2
OK        jupyterlab-git=0.41.0
OK        jupytext=1.14.5
OK        jupyterlab-spellchecker=0.7.2
OK        jupyterlab PDF-generation was successful.
OK        jupyterlab WebPDF-generation was successful.
OK        jupyterlab HTML-generation was successful.

## R packages
OK        cowplot=1.1.1
OK        GGally=2.1.2
OK        kknn=1.3.1
OK        scales=1.2.1
OK        tidyverse=1.3.2
OK        tidymodels=1.0.0
OK        tinytex=0.43
OK        rmarkdown PDF-generation was successful.
OK        rmarkdown HTML-generation was successful.

======== You had the following errors during Jupyter PDF generation ========
/Users/enochcheung/miniconda3/lib/python3.10/site-packages/nbconvert/filters/highlight.py:176: UserWarning: IPython3 lexer unavailable, falling back on Python 3
  warn("IPython3 lexer unavailable, falling back on Python 3")
======== End of Jupyter PDF error ========

======== You had the following errors during Jupyter WebPDF generation ========
/Users/enochcheung/miniconda3/lib/python3.10/site-packages/nbconvert/filters/highlight.py:176: UserWarning: IPython3 lexer unavailable, falling back on Python 3
  warn("IPython3 lexer unavailable, falling back on Python 3")
======== End of Jupyter WebPDF error ========

You had the following errors during Jupyter HTML generation:
/Users/enochcheung/miniconda3/lib/python3.10/site-packages/nbconvert/filters/highlight.py:176: UserWarning: IPython3 lexer unavailable, falling back on Python 3
  warn("IPython3 lexer unavailable, falling back on Python 3")
======== End of Jupyter HTML error ========

## Environmental variables
TERM_PROGRAM=Apple_Terminal
TERM=xterm-256color
SHELL=/bin/bash
TMPDIR=/var/folders/zj/px3pm9r93ydgsp2n903lrzph0000gn/T/
CONDA_SHLVL=1
TERM_PROGRAM_VERSION=445
CONDA_PROMPT_MODIFIER=(base) 
GSETTINGS_SCHEMA_DIR_CONDA_BACKUP=
TERM_SESSION_ID=0A639D5D-A898-4400-9A63-06B0533FCE8D
USER=enochcheung
CONDA_EXE=/Users/enochcheung/miniconda3/bin/conda
SSH_AUTH_SOCK=/private/tmp/com.apple.launchd.AmR5o9zsjT/Listeners
_CE_CONDA=
PATH=/Users/enochcheung/miniconda3/bin:/Users/enochcheung/miniconda3/condabin:/usr/local/bin:/usr/bin:/bin:/usr/sbin:/sbin:/opt/X11/bin:/Library/Apple/usr/bin
GSETTINGS_SCHEMA_DIR=/Users/enochcheung/miniconda3/share/glib-2.0/schemas
LaunchInstanceID=905C4FD9-B82F-47F5-BB69-52D5E69904E1
__CFBundleIdentifier=com.apple.Terminal
CONDA_PREFIX=/Users/enochcheung/miniconda3
PWD=/Users/enochcheung/git/ubc/dsci310/dsci-310-group-12-dreamteam
LANG=en_US.UTF-8
XPC_FLAGS=0x0
XPC_SERVICE_NAME=0
_CE_M=
HOME=/Users/enochcheung
SHLVL=2
LOGNAME=enochcheung
CONDA_PYTHON_EXE=/Users/enochcheung/miniconda3/bin/python
CONDA_DEFAULT_ENV=base
DISPLAY=/private/tmp/com.apple.launchd.V4nLxdvbGm/org.xquartz:0
SECURITYSESSIONID=186a3
_=/usr/bin/env

## Content of .bash_profile
# Set the default editor for programs launch from terminal
EDITOR="code --wait"
VISUAL=$EDITOR  # Use the same value as for "EDITOR" in the line above


# >>> conda initialize >>>
# !! Contents within this block are managed by 'conda init' !!
__conda_setup="$('/Users/enochcheung/miniconda3/bin/conda' 'shell.bash' 'hook' 2> /dev/null)"
if [ $? -eq 0 ]; then
    eval "$__conda_setup"
else
    if [ -f "/Users/enochcheung/miniconda3/etc/profile.d/conda.sh" ]; then
        . "/Users/enochcheung/miniconda3/etc/profile.d/conda.sh"
    else
        export PATH="/Users/enochcheung/miniconda3/bin:$PATH"
    fi
fi
unset __conda_setup
# <<< conda initialize <<<


## Content of .bashrc
if [ -f ~/.bash_profile ]; then . ~/.bash_profile; fi
